BUILD: Computing Include file dependencies:
BUILD: Examining c:\development-git\wanpipe_common\devel\g3ti_api\regression\sangomahandleleakanalysis directory for files to compile.
oacr invalidate root:x86chk /autocleanqueue
1>Compiling and Linking c:\development-git\wanpipe_common\devel\g3ti_api\regression\sangomahandleleakanalysis *************
1>'nmake.exe /nologo BUILDMSG=Stop. -i /nologo /f c:\winddk\7600.16385.1\bin\makefile.def BUILD_PASS=PASS2 LINKONLY=1 NOPASS0=1 MAKEDIR_RELATIVE_TO_BASEDIR='
1>c:\development-git\wanpipe_common\devel\g3ti_api\regression\sangomahandleleakanalysis: TARGETPATH is obj
1>BUILDMSG: _NT_TARGET_VERSION SET TO WINXP
1> C:\WinDDK\7600.16385.1\Bin\x86\oacr\oacrcl @c:\development-git\wanpipe_common\devel\g3ti_api\regression\sangomahandleleakanalysis\objchk_wxp_x86\i386\cl.rsp
1>Microsoft (R) 32-bit C/C++ Optimizing Compiler Version 15.00.30729.207 for 80x86
1>Copyright (C) Microsoft Corporation.  All rights reserved.
1>cl /Fo"c:\development-git\wanpipe_common\devel\g3ti_api\regression\sangomahandleleakanalysis\objchk_wxp_x86\i386/"
1> /FC
1> /Ii386
1> /I.
1> /IC:\WinDDK\7600.16385.1\inc\ddk
1> /Ic:\development-git\wanpipe_common\include
1> /Ic:\development-git\wanpipe_common\wanec
1> /Ic:\development-git\wanpipe_common\wanec\OCT612x-01.04.01\include\oct6100api
1> /Ic:\development-git\wanpipe_common\wanec\OCT612x-01.04.01\include
1> /Ic:\development-git\wanpipe_common\wantools\libsangoma
1> /Ic:\development-git\wanpipe_common\wantools\libsangoma\wanec
1> /Ic:\development-git\wanpipe_common\include\aft_core
1> /Ic:\development-git\wanpipe_common\include\debug
1> /Ic:\development-git\wanpipe_windows\include
1> /Ic:\development-git\wanpipe_common\devel\g3ti_api\regression\sangomahandleleakanalysis\objchk_wxp_x86\i386
1> /IC:\WinDDK\7600.16385.1\inc\api
1> /IC:\WinDDK\7600.16385.1\inc\api
1> /IC:\WinDDK\7600.16385.1\inc\crt
1> /IC:\WinDDK\7600.16385.1\inc\api\crt\stl70
1> /D_X86_=1
1> /Di386=1
1> /DSTD_CALL
1> /DCONDITION_HANDLING=1
1> /DNT_UP=1
1> /DNT_INST=0
1> /DWIN32=100
1> /D_NT1X_=100
1> /DWINNT=1
1> /D_WIN32_WINNT=0x0501
1> /DWINVER=0x0501
1> /D_WIN32_IE=0x0603
1> /DWIN32_LEAN_AND_MEAN=1
1> /DDEVL=1
1> /DDBG=1
1> /D__BUILDMACHINE__=WinDDK
1> /DFPO=0
1> /D_STATIC_CPPLIB
1> /D_STL70_
1> /D_MT=1
1> /D__WINDOWS__
1> /DUSE_SANGOMA_ERRNO
1> /DDEPRECATE_DDK_FUNCTIONS=1
1> /DMSC_NOOPT
1> /DNTDDI_VERSION=0x05010200
1> /DPSAPI_VERSION=1
1> /c
1> /Zc:wchar_t-
1> /Zl
1> /Zp8
1> /Gy
1> /Gm-
1> /W2
1> /Gz
1> /hotpatch
1> /EHsc
1> /GR-
1> /GF
1> /GS
1> /Zi
1> /Od
1> /Oi
1> /Oy-
1> /Zi
1> /Fdc:\development-git\wanpipe_common\devel\g3ti_api\regression\sangomahandleleakanalysis\objchk_wxp_x86\i386\
1> /DKMDF_MAJOR_VERSION_STRING=01
1> /DKMDF_MINOR_VERSION_STRING=009
1> /wd4603
1> /wd4627
1> /typedil-
1> /FIC:\WinDDK\7600.16385.1\inc\api\warning.h
1> .\leak_analysis.cpp 
1>leak_analysis.cpp
1> C:\WinDDK\7600.16385.1\Bin\x86\oacr\oacrlink /out:c:\development-git\wanpipe_common\devel\g3ti_api\regression\sangomahandleleakanalysis\objchk_wxp_x86\i386\leak_analysis.exe /machine:ix86 @c:\development-git\wanpipe_common\devel\g3ti_api\regression\sangomahandleleakanalysis\objchk_wxp_x86\i386\lnk.rsp
1>Microsoft (R) Incremental Linker Version 9.00.30729.207
1>Copyright (C) Microsoft Corporation.  All rights reserved.
1>/MERGE:_PAGE=PAGE 
1>/MERGE:_TEXT=.text 
1>/SECTION:INIT,d 
1>/OPT:REF 
1>/OPT:ICF 
1>/IGNORE:4198,4010,4037,4039,4065,4070,4078,4087,4089,4221 
1>/INCREMENTAL:NO 
1>/release 
1>/NODEFAULTLIB 
1>/WX 
1>/debug 
1>/debugtype:cv,fixup,pdata 
1>/version:6.1 
1>/osversion:6.1 
1>/functionpadmin:5 
1>/safeseh 
1>/nxcompat 
1>/merge:.rdata=.text 
1>/pdbcompress 
1>/STACK:0x40000,0x2000 
1>/tsaware 
1>/dynamicbase 
1>/subsystem:console,5.01 
1>/base:0x400000 
1>/entry:mainCRTStartup 
1>c:\development-git\wanpipe_common\devel\g3ti_api\regression\sangomahandleleakanalysis\objchk_wxp_x86\i386\driver_configurator.obj 
1>c:\development-git\wanpipe_common\devel\g3ti_api\regression\sangomahandleleakanalysis\objchk_wxp_x86\i386\leak_analysis.obj 
1>c:\development-git\wanpipe_common\devel\g3ti_api\regression\sangomahandleleakanalysis\objchk_wxp_x86\i386\portbuffer.obj 
1>c:\development-git\wanpipe_common\devel\g3ti_api\regression\sangomahandleleakanalysis\objchk_wxp_x86\i386\sangomacard.obj 
1>c:\development-git\wanpipe_common\devel\g3ti_api\regression\sangomahandleleakanalysis\objchk_wxp_x86\i386\sangomaport.obj 
1>c:\development-git\wanpipe_common\devel\g3ti_api\regression\sangomahandleleakanalysis\objchk_wxp_x86\i386\sangoma_interface.obj 
1>c:\winddk\7600.16385.1\lib\wxp\i386\advapi32.lib 
1>c:\winddk\7600.16385.1\lib\wxp\i386\kernel32.lib 
1>c:\winddk\7600.16385.1\lib\wxp\i386\ntstc_libcmt.lib 
1>C:\WinDDK\7600.16385.1\lib\crt\i386\libcmt.lib 
1>c:\winddk\7600.16385.1\lib\wxp\i386\kernel32.lib 
1>c:\development-git\wanpipe_common\wantools\libsangoma\objchk_wxp_x86\i386\libsangoma.lib 
1>c:\winddk\7600.16385.1\lib\wxp\i386\sehupd.lib 
